<?xml version="1.0" encoding="UTF-8"?>
<testsuite name="com.example.task01.Tests" tests="1" skipped="0" failures="0" errors="0" timestamp="2020-02-29T13:50:29" hostname="MBP-Semen.Dlink" time="0.001">
  <properties/>
  <testcase name="testCanGetDriverLicense" classname="com.example.task01.Tests" time="0.001"/>
  <system-out><![CDATA[]]></system-out>
  <system-err><![CDATA[]]></system-err>
</testsuite>
