<?xml version="1.0" encoding="UTF-8"?>
<testsuite name="com.example.task10.Tests" tests="1" skipped="0" failures="0" errors="0" timestamp="2020-03-02T05:20:30" hostname="MBP-Semen.Dlink" time="0.0">
  <properties/>
  <testcase name="testMin" classname="com.example.task10.Tests" time="0.0"/>
  <system-out><![CDATA[]]></system-out>
  <system-err><![CDATA[]]></system-err>
</testsuite>
