<?xml version="1.0" encoding="UTF-8"?>
<testsuite name="com.example.task04.Tests" tests="1" skipped="0" failures="0" errors="0" timestamp="2020-03-02T04:57:49" hostname="MBP-Semen.Dlink" time="0.025">
  <properties/>
  <testcase name="testFrom0to10000" classname="com.example.task04.Tests" time="0.025"/>
  <system-out><![CDATA[]]></system-out>
  <system-err><![CDATA[]]></system-err>
</testsuite>
