<?xml version="1.0" encoding="UTF-8"?>
<testsuite name="com.example.task09.Tests" tests="1" skipped="0" failures="0" errors="0" timestamp="2020-03-02T05:14:01" hostname="MBP-Semen.Dlink" time="0.001">
  <properties/>
  <testcase name="testMin" classname="com.example.task09.Tests" time="0.001"/>
  <system-out><![CDATA[]]></system-out>
  <system-err><![CDATA[]]></system-err>
</testsuite>
