<?xml version="1.0" encoding="UTF-8"?>
<testsuite name="com.example.task06.Tests" tests="1" skipped="0" failures="0" errors="0" timestamp="2020-03-02T05:03:43" hostname="MBP-Semen.Dlink" time="0.002">
  <properties/>
  <testcase name="testGetMax" classname="com.example.task06.Tests" time="0.002"/>
  <system-out><![CDATA[]]></system-out>
  <system-err><![CDATA[]]></system-err>
</testsuite>
