<?xml version="1.0" encoding="UTF-8"?>
<testsuite name="com.example.task03.Tests" tests="1" skipped="0" failures="0" errors="0" timestamp="2020-03-02T21:05:32" hostname="MacBook-Pro-Semen.local" time="0.029">
  <properties/>
  <testcase name="testGetNameOfWeekDays" classname="com.example.task03.Tests" time="0.029"/>
  <system-out><![CDATA[]]></system-out>
  <system-err><![CDATA[]]></system-err>
</testsuite>
